<?xml version="1.0" encoding="UTF-8"?>
<!-- Generated by org.testng.reporters.JUnitReportReporter -->
<testsuite hostname="DESKTOP-5VU6LIR" failures="0" tests="1" name="TakeHomeAssignment.CreditCardForm.HomePage" time="0.108" errors="0" timestamp="2021-03-07T17:15:34 EST" skipped="0">
  <testcase classname="TakeHomeAssignment.CreditCardForm.HomePage" name="navigatetoform" time="0.108"/>
  <system-out/>
</testsuite> <!-- TakeHomeAssignment.CreditCardForm.HomePage -->
