<?xml version="1.0" encoding="UTF-8"?>
<!-- Generated by org.testng.reporters.JUnitReportReporter -->
<testsuite hostname="DESKTOP-5VU6LIR" failures="0" tests="2" name="TakeHomeAssignment.CreditCardForm.validateallfields" time="2.307" errors="0" timestamp="2021-03-07T17:15:34 EST" skipped="0">
  <testcase classname="TakeHomeAssignment.CreditCardForm.validateallfields" name="validateallfieldsenabled" time="0.342"/>
  <system-out/>
  <testcase classname="TakeHomeAssignment.CreditCardForm.validateallfields" name="validateallfieldsdisplayed" time="1.965"/>
  <system-out/>
</testsuite> <!-- TakeHomeAssignment.CreditCardForm.validateallfields -->
