<?xml version="1.0" encoding="UTF-8"?>
<!-- Generated by org.testng.reporters.JUnitReportReporter -->
<testsuite hostname="DESKTOP-5VU6LIR" failures="0" tests="2" name="TakeHomeAssignment.CreditCardForm.Multipledatasetstest" time="5.831" errors="0" timestamp="2021-03-07T17:15:34 EST" skipped="0">
  <testcase classname="TakeHomeAssignment.CreditCardForm.Multipledatasetstest" name="multipletestsets" time="1.417"/>
  <system-out/>
  <testcase classname="TakeHomeAssignment.CreditCardForm.Multipledatasetstest" name="multipletestsets" time="4.414"/>
  <system-out/>
</testsuite> <!-- TakeHomeAssignment.CreditCardForm.Multipledatasetstest -->
