<?xml version="1.0" encoding="UTF-8"?>
<!-- Generated by org.testng.reporters.JUnitReportReporter -->
<testsuite skipped="0" hostname="DESKTOP-5VU6LIR" name="TakeHomeAssignment.CreditCardForm.validateallfields" tests="2" failures="0" timestamp="2021-03-07T18:24:05 EST" time="0.705" errors="0">
  <testcase name="validateallfieldsdisplayed" time="0.535" classname="TakeHomeAssignment.CreditCardForm.validateallfields"/>
  <system-out/>
  <testcase name="validateallfieldsenabled" time="0.170" classname="TakeHomeAssignment.CreditCardForm.validateallfields"/>
  <system-out/>
</testsuite> <!-- TakeHomeAssignment.CreditCardForm.validateallfields -->
