<?xml version="1.0" encoding="UTF-8"?>
<!-- Generated by org.testng.reporters.JUnitReportReporter -->
<testsuite skipped="0" hostname="DESKTOP-5VU6LIR" name="TakeHomeAssignment.CreditCardForm.Multipledatasetstest" tests="2" failures="0" timestamp="2021-03-07T17:25:39 EST" time="1.558" errors="0">
  <testcase name="multipletestsets" time="0.578" classname="TakeHomeAssignment.CreditCardForm.Multipledatasetstest"/>
  <system-out/>
  <testcase name="multipletestsets" time="0.980" classname="TakeHomeAssignment.CreditCardForm.Multipledatasetstest"/>
  <system-out/>
</testsuite> <!-- TakeHomeAssignment.CreditCardForm.Multipledatasetstest -->
