<?xml version="1.0" encoding="UTF-8"?>
<!-- Generated by org.testng.reporters.JUnitReportReporter -->
<testsuite skipped="0" hostname="DESKTOP-5VU6LIR" name="TakeHomeAssignment.CreditCardForm.HomePage" tests="1" failures="0" timestamp="2021-03-07T17:25:39 EST" time="0.031" errors="0">
  <testcase name="navigatetoform" time="0.031" classname="TakeHomeAssignment.CreditCardForm.HomePage"/>
  <system-out/>
</testsuite> <!-- TakeHomeAssignment.CreditCardForm.HomePage -->
