<?xml version="1.0" encoding="UTF-8"?>
<!-- Generated by org.testng.reporters.JUnitReportReporter -->
<testsuite skipped="0" hostname="DESKTOP-5VU6LIR" name="TakeHomeAssignment.CreditCardForm.validateallfields" tests="2" failures="0" timestamp="2021-03-07T17:25:39 EST" time="0.709" errors="0">
  <testcase name="validateallfieldsenabled" time="0.205" classname="TakeHomeAssignment.CreditCardForm.validateallfields"/>
  <system-out/>
  <testcase name="validateallfieldsdisplayed" time="0.504" classname="TakeHomeAssignment.CreditCardForm.validateallfields"/>
  <system-out/>
</testsuite> <!-- TakeHomeAssignment.CreditCardForm.validateallfields -->
