<?xml version="1.0" encoding="UTF-8"?>
<!-- Generated by org.testng.reporters.JUnitReportReporter -->
<testsuite skipped="0" hostname="DESKTOP-5VU6LIR" name="TakeHomeAssignment.CreditCardForm.E2EValidation" tests="1" failures="0" timestamp="2021-03-07T18:24:05 EST" time="0.572" errors="0">
  <testcase name="validateallfieldsdisplayed" time="0.572" classname="TakeHomeAssignment.CreditCardForm.E2EValidation"/>
  <system-out/>
</testsuite> <!-- TakeHomeAssignment.CreditCardForm.E2EValidation -->
