<?xml version="1.0" encoding="UTF-8"?>
<!-- Generated by org.testng.reporters.JUnitReportReporter -->
<testsuite skipped="0" hostname="DESKTOP-5VU6LIR" name="TakeHomeAssignment.CreditCardForm.Multipledatasetstest" tests="2" failures="0" timestamp="2021-03-07T18:24:05 EST" time="1.363" errors="0">
  <testcase name="multipletestsets" time="1.029" classname="TakeHomeAssignment.CreditCardForm.Multipledatasetstest"/>
  <system-out/>
  <testcase name="multipletestsets" time="0.334" classname="TakeHomeAssignment.CreditCardForm.Multipledatasetstest"/>
  <system-out/>
</testsuite> <!-- TakeHomeAssignment.CreditCardForm.Multipledatasetstest -->
